Using pre-set license
Built from '2022.3/release' branch; Version is '2022.3.20f1 (61c2feb0970d) revision 6406910'; Using compiler version '192829333'; Build Type 'Release'
OS: 'Windows 10  (10.0.19045) 64bit Professional' Language: 'pl' Physical Memory: 16333 MB
BatchMode: 1, IsHumanControllingUs: 0, StartBugReporterOnCrash: 0, Is64bit: 1, IsPro: 1

COMMAND LINE ARGUMENTS:
D:\Program Files\Unity\Hub\Editor\2022.3.20f1\Editor\Unity.exe
-adb2
-batchMode
-noUpm
-name
AssetImportWorker0
-projectPath
D:/0/0/SamotniaOgnistegoDeszczu/Projekt/SamotniaOgnistegoDeszczu
-logFile
Logs/AssetImportWorker0.log
-srvPort
53326
Successfully changed project path to: D:/0/0/SamotniaOgnistegoDeszczu/Projekt/SamotniaOgnistegoDeszczu
D:/0/0/SamotniaOgnistegoDeszczu/Projekt/SamotniaOgnistegoDeszczu
[UnityMemory] Configuration Parameters - Can be set up in boot.config
    "memorysetup-bucket-allocator-granularity=16"
    "memorysetup-bucket-allocator-bucket-count=8"
    "memorysetup-bucket-allocator-block-size=33554432"
    "memorysetup-bucket-allocator-block-count=8"
    "memorysetup-main-allocator-block-size=16777216"
    "memorysetup-thread-allocator-block-size=16777216"
    "memorysetup-gfx-main-allocator-block-size=16777216"
    "memorysetup-gfx-thread-allocator-block-size=16777216"
    "memorysetup-cache-allocator-block-size=4194304"
    "memorysetup-typetree-allocator-block-size=2097152"
    "memorysetup-profiler-bucket-allocator-granularity=16"
    "memorysetup-profiler-bucket-allocator-bucket-count=8"
    "memorysetup-profiler-bucket-allocator-block-size=33554432"
    "memorysetup-profiler-bucket-allocator-block-count=8"
    "memorysetup-profiler-allocator-block-size=16777216"
    "memorysetup-profiler-editor-allocator-block-size=1048576"
    "memorysetup-temp-allocator-size-main=16777216"
    "memorysetup-job-temp-allocator-block-size=2097152"
    "memorysetup-job-temp-allocator-block-size-background=1048576"
    "memorysetup-job-temp-allocator-reduction-small-platforms=262144"
    "memorysetup-allocator-temp-initial-block-size-main=262144"
    "memorysetup-allocator-temp-initial-block-size-worker=262144"
    "memorysetup-temp-allocator-size-background-worker=32768"
    "memorysetup-temp-allocator-size-job-worker=262144"
    "memorysetup-temp-allocator-size-preload-manager=33554432"
    "memorysetup-temp-allocator-size-nav-mesh-worker=65536"
    "memorysetup-temp-allocator-size-audio-worker=65536"
    "memorysetup-temp-allocator-size-cloud-worker=32768"
    "memorysetup-temp-allocator-size-gi-baking-worker=262144"
    "memorysetup-temp-allocator-size-gfx=262144"
Player connection [10296] Host "[IP] 192.168.1.10 [Port] 0 [Flags] 2 [Guid] 3235399932 [EditorId] 3235399932 [Version] 1048832 [Id] WindowsEditor(7,DESKTOP-1U2VCCH) [Debug] 1 [PackageName] WindowsEditor [ProjectName] Editor" joined multi-casting on [225.0.0.222:54997]...

Player connection [10296] Host "[IP] 192.168.1.10 [Port] 0 [Flags] 2 [Guid] 3235399932 [EditorId] 3235399932 [Version] 1048832 [Id] WindowsEditor(7,DESKTOP-1U2VCCH) [Debug] 1 [PackageName] WindowsEditor [ProjectName] Editor" joined alternative multi-casting on [225.0.0.222:34997]...

[Physics::Module] Initialized MultithreadedJobDispatcher with 11 workers.
Refreshing native plugins compatible for Editor in 15.81 ms, found 4 plugins.
Preloading 0 native plugins for Editor in 0.00 ms.
Initialize engine version: 2022.3.20f1 (61c2feb0970d)
[Subsystems] Discovering subsystems at path D:/Program Files/Unity/Hub/Editor/2022.3.20f1/Editor/Data/Resources/UnitySubsystems
[Subsystems] Discovering subsystems at path D:/0/0/SamotniaOgnistegoDeszczu/Projekt/SamotniaOgnistegoDeszczu/Assets
GfxDevice: creating device client; threaded=0; jobified=0
Direct3D:
    Version:  Direct3D 11.0 [level 11.1]
    Renderer: NVIDIA GeForce RTX 2060 SUPER (ID=0x1f06)
    Vendor:   NVIDIA
    VRAM:     8006 MB
    Driver:   32.0.15.6094
Initialize mono
Mono path[0] = 'D:/Program Files/Unity/Hub/Editor/2022.3.20f1/Editor/Data/Managed'
Mono path[1] = 'D:/Program Files/Unity/Hub/Editor/2022.3.20f1/Editor/Data/MonoBleedingEdge/lib/mono/unityjit-win32'
Mono config path = 'D:/Program Files/Unity/Hub/Editor/2022.3.20f1/Editor/Data/MonoBleedingEdge/etc'
Using monoOptions --debugger-agent=transport=dt_socket,embedding=1,server=y,suspend=n,address=127.0.0.1:56988
Begin MonoManager ReloadAssembly
Registering precompiled unity dll's ...
Register platform support module: D:/Program Files/Unity/Hub/Editor/2022.3.20f1/Editor/Data/PlaybackEngines/AndroidPlayer/UnityEditor.Android.Extensions.dll
Register platform support module: D:/Program Files/Unity/Hub/Editor/2022.3.20f1/Editor/Data/PlaybackEngines/WindowsStandaloneSupport/UnityEditor.WindowsStandalone.Extensions.dll
Register platform support module: D:/Program Files/Unity/Hub/Editor/2022.3.20f1/Editor/Data/PlaybackEngines/MetroSupport/UnityEditor.UWP.Extensions.dll
Registered in 0.011907 seconds.
- Loaded All Assemblies, in  0.394 seconds
Native extension for UWP target not found
Native extension for WindowsStandalone target not found
Native extension for Android target not found
Android Extension - Scanning For ADB Devices 330 ms
Mono: successfully reloaded assembly
- Finished resetting the current domain, in  0.666 seconds
Domain Reload Profiling: 1060ms
	BeginReloadAssembly (135ms)
		ExecutionOrderSort (0ms)
		DisableScriptedObjects (0ms)
		BackupInstance (0ms)
		ReleaseScriptingObjects (0ms)
		CreateAndSetChildDomain (1ms)
	RebuildCommonClasses (35ms)
	RebuildNativeTypeToScriptingClass (13ms)
	initialDomainReloadingComplete (59ms)
	LoadAllAssembliesAndSetupDomain (151ms)
		LoadAssemblies (137ms)
		RebuildTransferFunctionScriptingTraits (0ms)
		AnalyzeDomain (146ms)
			TypeCache.Refresh (145ms)
				TypeCache.ScanAssembly (131ms)
			ScanForSourceGeneratedMonoScriptInfo (0ms)
			ResolveRequiredComponents (1ms)
	FinalizeReload (667ms)
		ReleaseScriptCaches (0ms)
		RebuildScriptCaches (0ms)
		SetupLoadedEditorAssemblies (606ms)
			LogAssemblyErrors (0ms)
			InitializePlatformSupportModulesInManaged (445ms)
			SetLoadedEditorAssemblies (4ms)
			RefreshPlugins (0ms)
			BeforeProcessingInitializeOnLoad (2ms)
			ProcessInitializeOnLoadAttributes (110ms)
			ProcessInitializeOnLoadMethodAttributes (44ms)
			AfterProcessingInitializeOnLoad (0ms)
			EditorAssembliesLoaded (0ms)
		ExecutionOrderSort2 (0ms)
		AwakeInstancesAfterBackupRestoration (0ms)
========================================================================
Worker process is ready to serve import requests
Begin MonoManager ReloadAssembly
- Loaded All Assemblies, in  0.777 seconds
Refreshing native plugins compatible for Editor in 6.51 ms, found 4 plugins.
Native extension for UWP target not found
Native extension for WindowsStandalone target not found
Native extension for Android target not found
Package Manager log level set to [2]
[Package Manager] Server::EnsureServerProcessIsRunning -- launch failed, reason: Unity was launched with the -noUpm command-line argument
[Package Manager] UpmClient::Send -- Unable to send message (not connected to UPM process).
[Package Manager] Cannot connect to Unity Package Manager local server
Mono: successfully reloaded assembly
- Finished resetting the current domain, in  0.839 seconds
Domain Reload Profiling: 1615ms
	BeginReloadAssembly (176ms)
		ExecutionOrderSort (0ms)
		DisableScriptedObjects (5ms)
		BackupInstance (0ms)
		ReleaseScriptingObjects (0ms)
		CreateAndSetChildDomain (23ms)
	RebuildCommonClasses (42ms)
	RebuildNativeTypeToScriptingClass (11ms)
	initialDomainReloadingComplete (38ms)
	LoadAllAssembliesAndSetupDomain (509ms)
		LoadAssemblies (425ms)
		RebuildTransferFunctionScriptingTraits (0ms)
		AnalyzeDomain (200ms)
			TypeCache.Refresh (171ms)
				TypeCache.ScanAssembly (150ms)
			ScanForSourceGeneratedMonoScriptInfo (22ms)
			ResolveRequiredComponents (5ms)
	FinalizeReload (839ms)
		ReleaseScriptCaches (0ms)
		RebuildScriptCaches (0ms)
		SetupLoadedEditorAssemblies (653ms)
			LogAssemblyErrors (0ms)
			InitializePlatformSupportModulesInManaged (26ms)
			SetLoadedEditorAssemblies (5ms)
			RefreshPlugins (0ms)
			BeforeProcessingInitializeOnLoad (130ms)
			ProcessInitializeOnLoadAttributes (447ms)
			ProcessInitializeOnLoadMethodAttributes (41ms)
			AfterProcessingInitializeOnLoad (4ms)
			EditorAssembliesLoaded (0ms)
		ExecutionOrderSort2 (0ms)
		AwakeInstancesAfterBackupRestoration (6ms)
Launched and connected shader compiler UnityShaderCompiler.exe after 0.13 seconds
Refreshing native plugins compatible for Editor in 5.96 ms, found 4 plugins.
Preloading 0 native plugins for Editor in 0.00 ms.
Unloading 4532 Unused Serialized files (Serialized files now loaded: 0)
Unloading 77 unused Assets / (246.2 KB). Loaded Objects now: 4994.
Memory consumption went from 164.3 MB to 164.1 MB.
Total: 3.752900 ms (FindLiveObjects: 0.443500 ms CreateObjectMapping: 0.134900 ms MarkObjects: 2.934400 ms  DeleteObjects: 0.238600 ms)

AssetImportParameters requested are different than current active one (requested -> active):
  custom:container-demuxer-ogg: 62fdf1f143b41e24485cea50d1cbac27 -> 
  custom:video-decoder-ogg-theora: a1e56fd34408186e4bbccfd4996cb3dc -> 
  custom:framework-win-MediaFoundation: 216162199b28c13a410421893ffa2e32 -> 
  custom:CustomObjectIndexerAttribute: 6d391050e5a25f67b0a2c618074f2cd9 -> 
  custom:container-demuxer-webm: 4f35f7cbe854078d1ac9338744f61a02 -> 
  custom:container-muxer-webm: aa71ff27fc2769a1b78a27578f13a17b -> 
  custom:video-decoder-webm-vp8: 9c59270c3fd7afecdb556c50c9e8de78 -> 
  custom:SearchIndexIgnoredProperties: e643bd26f0fe6173181afceb89e7c659 -> 
  custom:AudioImporter_EditorPlatform: d09bf68614088b80899f8185d706f6e7 -> 
  custom:video-encoder-webm-vp8: eb34c28f22e8b96e1ab97ce403110664 -> 
  custom:audio-decoder-ogg-vorbis: bf7c407c2cedff20999df2af8eb42d56 -> 
  custom:audio-encoder-webm-vorbis: bf7c407c2cedff20999df2af8eb42d56 -> 
========================================================================
Received Import Request.
  Time since last request: 8956.587995 seconds.
  path: Assets/Scripts/SO/GampleyObjects/Spells/SpellGlobal.cs
  artifactKey: Guid(161b391455386164d8419f7848dc9cfe) Importer(815301076,1909f56bfc062723c751e8b465ee728b)
Start importing Assets/Scripts/SO/GampleyObjects/Spells/SpellGlobal.cs using Guid(161b391455386164d8419f7848dc9cfe) Importer(815301076,1909f56bfc062723c751e8b465ee728b)  -> (artifact id: 'c5ddb2de44d53068fcb03fe2c701466b') in 0.020364 seconds
Number of updated asset objects reloaded before import = 0
Number of asset objects unloaded after import = 0
========================================================================
Received Import Request.
  Time since last request: 0.000030 seconds.
  path: Assets/Scripts/SO/GampleyObjects/Spells/SpellAreaOfEffectOffensive.cs
  artifactKey: Guid(3221852dee163f84c83715a847429dd3) Importer(815301076,1909f56bfc062723c751e8b465ee728b)
Start importing Assets/Scripts/SO/GampleyObjects/Spells/SpellAreaOfEffectOffensive.cs using Guid(3221852dee163f84c83715a847429dd3) Importer(815301076,1909f56bfc062723c751e8b465ee728b)  -> (artifact id: '5c36836712e2264ea085611010ca3d20') in 0.000765 seconds
Number of updated asset objects reloaded before import = 0
Number of asset objects unloaded after import = 0
========================================================================
Received Import Request.
  Time since last request: 394.930423 seconds.
  path: Assets/Scripts/Main/MapAndGameWorldCasting
  artifactKey: Guid(001f4738e1afa5749930c81c4cdb5c0e) Importer(815301076,1909f56bfc062723c751e8b465ee728b)
Start importing Assets/Scripts/Main/MapAndGameWorldCasting using Guid(001f4738e1afa5749930c81c4cdb5c0e) Importer(815301076,1909f56bfc062723c751e8b465ee728b)  -> (artifact id: 'c4398d1f85e7092effbe9cb8c7e366d0') in 0.018406 seconds
Number of updated asset objects reloaded before import = 0
Number of asset objects unloaded after import = 0
========================================================================
Received Prepare
Begin MonoManager ReloadAssembly
- Loaded All Assemblies, in  0.548 seconds
Refreshing native plugins compatible for Editor in 6.09 ms, found 4 plugins.
Native extension for UWP target not found
Native extension for WindowsStandalone target not found
Native extension for Android target not found
[Package Manager] Server::EnsureServerProcessIsRunning -- launch failed, reason: Unity was launched with the -noUpm command-line argument
[Package Manager] UpmClient::Send -- Unable to send message (not connected to UPM process).
[Package Manager] Cannot connect to Unity Package Manager local server
Mono: successfully reloaded assembly
- Finished resetting the current domain, in  1.424 seconds
Domain Reload Profiling: 1971ms
	BeginReloadAssembly (195ms)
		ExecutionOrderSort (0ms)
		DisableScriptedObjects (16ms)
		BackupInstance (0ms)
		ReleaseScriptingObjects (0ms)
		CreateAndSetChildDomain (44ms)
	RebuildCommonClasses (32ms)
	RebuildNativeTypeToScriptingClass (11ms)
	initialDomainReloadingComplete (26ms)
	LoadAllAssembliesAndSetupDomain (283ms)
		LoadAssemblies (375ms)
		RebuildTransferFunctionScriptingTraits (0ms)
		AnalyzeDomain (14ms)
			TypeCache.Refresh (6ms)
				TypeCache.ScanAssembly (0ms)
			ScanForSourceGeneratedMonoScriptInfo (0ms)
			ResolveRequiredComponents (6ms)
	FinalizeReload (1424ms)
		ReleaseScriptCaches (0ms)
		RebuildScriptCaches (0ms)
		SetupLoadedEditorAssemblies (614ms)
			LogAssemblyErrors (0ms)
			InitializePlatformSupportModulesInManaged (29ms)
			SetLoadedEditorAssemblies (6ms)
			RefreshPlugins (0ms)
			BeforeProcessingInitializeOnLoad (138ms)
			ProcessInitializeOnLoadAttributes (407ms)
			ProcessInitializeOnLoadMethodAttributes (30ms)
			AfterProcessingInitializeOnLoad (3ms)
			EditorAssembliesLoaded (0ms)
		ExecutionOrderSort2 (0ms)
		AwakeInstancesAfterBackupRestoration (12ms)
Refreshing native plugins compatible for Editor in 7.42 ms, found 4 plugins.
Preloading 0 native plugins for Editor in 0.00 ms.
Unloading 4512 Unused Serialized files (Serialized files now loaded: 0)
Unloading 43 unused Assets / (217.4 KB). Loaded Objects now: 4999.
Memory consumption went from 160.7 MB to 160.4 MB.
Total: 3.697800 ms (FindLiveObjects: 0.409800 ms CreateObjectMapping: 0.146200 ms MarkObjects: 2.910600 ms  DeleteObjects: 0.229700 ms)

Prepare: number of updated asset objects reloaded= 0
AssetImportParameters requested are different than current active one (requested -> active):
  custom:container-demuxer-ogg: 62fdf1f143b41e24485cea50d1cbac27 -> 
  custom:video-decoder-ogg-theora: a1e56fd34408186e4bbccfd4996cb3dc -> 
  custom:framework-win-MediaFoundation: 216162199b28c13a410421893ffa2e32 -> 
  custom:CustomObjectIndexerAttribute: 6d391050e5a25f67b0a2c618074f2cd9 -> 
  custom:container-demuxer-webm: 4f35f7cbe854078d1ac9338744f61a02 -> 
  custom:container-muxer-webm: aa71ff27fc2769a1b78a27578f13a17b -> 
  custom:video-decoder-webm-vp8: 9c59270c3fd7afecdb556c50c9e8de78 -> 
  custom:SearchIndexIgnoredProperties: e643bd26f0fe6173181afceb89e7c659 -> 
  custom:AudioImporter_EditorPlatform: d09bf68614088b80899f8185d706f6e7 -> 
  custom:video-encoder-webm-vp8: eb34c28f22e8b96e1ab97ce403110664 -> 
  custom:audio-decoder-ogg-vorbis: bf7c407c2cedff20999df2af8eb42d56 -> 
  custom:audio-encoder-webm-vorbis: bf7c407c2cedff20999df2af8eb42d56 -> 
========================================================================
Received Import Request.
  Time since last request: 572.251551 seconds.
  path: Assets/ScriptableObjects/LevelEnemiesPresets/JednaLinia.asset
  artifactKey: Guid(6864c1c1bd1d73c4ea6291c83667462b) Importer(815301076,1909f56bfc062723c751e8b465ee728b)
Start importing Assets/ScriptableObjects/LevelEnemiesPresets/JednaLinia.asset using Guid(6864c1c1bd1d73c4ea6291c83667462b) Importer(815301076,1909f56bfc062723c751e8b465ee728b)  -> (artifact id: 'c0ec00a3ceba3c6baa2c107bc987a0b2') in 0.068118 seconds
Number of updated asset objects reloaded before import = 0
Number of asset objects unloaded after import = 13
========================================================================
Received Import Request.
  Time since last request: 1434.494068 seconds.
  path: Assets/Prefabs/UI/Inventory/BasePlayerInventoryCompartment.prefab
  artifactKey: Guid(c218e42f94b55cc4482ede80e70b9fc6) Importer(815301076,1909f56bfc062723c751e8b465ee728b)
Start importing Assets/Prefabs/UI/Inventory/BasePlayerInventoryCompartment.prefab using Guid(c218e42f94b55cc4482ede80e70b9fc6) Importer(815301076,1909f56bfc062723c751e8b465ee728b)  -> (artifact id: 'e1ee156beaf3e4919a35a9cd83da30bb') in 0.043594 seconds
Number of updated asset objects reloaded before import = 0
Number of asset objects unloaded after import = 6
========================================================================
Received Import Request.
  Time since last request: 0.000020 seconds.
  path: Assets/Prefabs/UI/Base/Text/BaseUIText Variant.prefab
  artifactKey: Guid(20764005b1312fb408d12bd372def1ef) Importer(815301076,1909f56bfc062723c751e8b465ee728b)
Start importing Assets/Prefabs/UI/Base/Text/BaseUIText Variant.prefab using Guid(20764005b1312fb408d12bd372def1ef) Importer(815301076,1909f56bfc062723c751e8b465ee728b)  -> (artifact id: '5b894f6e73848f78e7d0eab00b6f1e2a') in 0.216125 seconds
Number of updated asset objects reloaded before import = 0
Number of asset objects unloaded after import = 20
========================================================================
Received Import Request.
  Time since last request: 0.000032 seconds.
  path: Assets/VFX/BaseVFX.prefab
  artifactKey: Guid(1619e9e97a89d36488f2f2b57baf231b) Importer(815301076,1909f56bfc062723c751e8b465ee728b)
Start importing Assets/VFX/BaseVFX.prefab using Guid(1619e9e97a89d36488f2f2b57baf231b) Importer(815301076,1909f56bfc062723c751e8b465ee728b)  -> (artifact id: 'dedc9f53fc164d29ec5d1e9ccb37c3e1') in 0.002107 seconds
Number of updated asset objects reloaded before import = 0
Number of asset objects unloaded after import = 5
========================================================================
Received Import Request.
  Time since last request: 1.917884 seconds.
  path: Assets/Scripts/GameLogic/GameplayObjects/Base/BaseEnemy.cs
  artifactKey: Guid(371c8436518717e499f718d52e43e508) Importer(815301076,1909f56bfc062723c751e8b465ee728b)
Start importing Assets/Scripts/GameLogic/GameplayObjects/Base/BaseEnemy.cs using Guid(371c8436518717e499f718d52e43e508) Importer(815301076,1909f56bfc062723c751e8b465ee728b)  -> (artifact id: '453b95c21c06321893f149bce0c768dd') in 0.000481 seconds
Number of updated asset objects reloaded before import = 0
Number of asset objects unloaded after import = 0
========================================================================
Received Import Request.
  Time since last request: 53.540611 seconds.
  path: Assets/ScriptableObjects/Items/BigScrolls/BigScrollArmagedon.asset
  artifactKey: Guid(4d873d31e8a13ba409b6ce139eaffcee) Importer(815301076,1909f56bfc062723c751e8b465ee728b)
Start importing Assets/ScriptableObjects/Items/BigScrolls/BigScrollArmagedon.asset using Guid(4d873d31e8a13ba409b6ce139eaffcee) Importer(815301076,1909f56bfc062723c751e8b465ee728b)  -> (artifact id: 'a3550675ff21324d09b579e38b919a95') in 0.001751 seconds
Number of updated asset objects reloaded before import = 0
Number of asset objects unloaded after import = 3
========================================================================
Received Import Request.
  Time since last request: 0.000019 seconds.
  path: Assets/Prefabs/GameVisuals/GameplayObjectDisplayer.prefab
  artifactKey: Guid(590e7ee06841b3242af05f6b4a6ab3a5) Importer(815301076,1909f56bfc062723c751e8b465ee728b)
Start importing Assets/Prefabs/GameVisuals/GameplayObjectDisplayer.prefab using Guid(590e7ee06841b3242af05f6b4a6ab3a5) Importer(815301076,1909f56bfc062723c751e8b465ee728b)  -> (artifact id: '28e7a60eab8aad35a24d704acf9e0db3') in 0.021704 seconds
Number of updated asset objects reloaded before import = 0
Number of asset objects unloaded after import = 6
========================================================================
Received Import Request.
  Time since last request: 0.000031 seconds.
  path: Assets/Prefabs/UI/GreydOutBackground.prefab
  artifactKey: Guid(e8b9a2111faefa14babd076bf8afce9d) Importer(815301076,1909f56bfc062723c751e8b465ee728b)
Start importing Assets/Prefabs/UI/GreydOutBackground.prefab using Guid(e8b9a2111faefa14babd076bf8afce9d) Importer(815301076,1909f56bfc062723c751e8b465ee728b)  -> (artifact id: '6112a5169f7ed9ec0267ac3910997b99') in 0.003446 seconds
Number of updated asset objects reloaded before import = 0
Number of asset objects unloaded after import = 6
========================================================================
Received Import Request.
  Time since last request: 3.079845 seconds.
  path: Assets/Scripts/GameLogic/GameplayObjects/Base/CollectableItem.cs
  artifactKey: Guid(99c5971e0e945044f8513d6c7c0d4da2) Importer(815301076,1909f56bfc062723c751e8b465ee728b)
Start importing Assets/Scripts/GameLogic/GameplayObjects/Base/CollectableItem.cs using Guid(99c5971e0e945044f8513d6c7c0d4da2) Importer(815301076,1909f56bfc062723c751e8b465ee728b)  -> (artifact id: '3c5609177e44251c8d61ff6dcd57609f') in 0.000437 seconds
Number of updated asset objects reloaded before import = 0
Number of asset objects unloaded after import = 0
========================================================================
Received Import Request.
  Time since last request: 1.892473 seconds.
  path: Assets/Scripts/GameVisuals/Main/ObjectsDisplayer/CollectableItemsDisplayController.cs
  artifactKey: Guid(666e61f9d72cab349a6f3d51d9432394) Importer(815301076,1909f56bfc062723c751e8b465ee728b)
Start importing Assets/Scripts/GameVisuals/Main/ObjectsDisplayer/CollectableItemsDisplayController.cs using Guid(666e61f9d72cab349a6f3d51d9432394) Importer(815301076,1909f56bfc062723c751e8b465ee728b)  -> (artifact id: 'b8e38d0b366c690e01980ffcba6b077e') in 0.000448 seconds
Number of updated asset objects reloaded before import = 0
Number of asset objects unloaded after import = 0
========================================================================
Received Import Request.
  Time since last request: 1.758037 seconds.
  path: Assets/Editor/CollectableItemsDisplayControllerEditor.cs
  artifactKey: Guid(1f4d8dd218575b540ba6c5ef167bddce) Importer(815301076,1909f56bfc062723c751e8b465ee728b)
Start importing Assets/Editor/CollectableItemsDisplayControllerEditor.cs using Guid(1f4d8dd218575b540ba6c5ef167bddce) Importer(815301076,1909f56bfc062723c751e8b465ee728b)  -> (artifact id: '52a84b1f5effe51e5b15e66faf497a55') in 0.000448 seconds
Number of updated asset objects reloaded before import = 0
Number of asset objects unloaded after import = 0
========================================================================
Received Import Request.
  Time since last request: 56.445744 seconds.
  path: Assets/Editor/PlayerInventoryUIControllerEditor.cs
  artifactKey: Guid(b059357956047d443a560186b76a8d87) Importer(815301076,1909f56bfc062723c751e8b465ee728b)
Start importing Assets/Editor/PlayerInventoryUIControllerEditor.cs using Guid(b059357956047d443a560186b76a8d87) Importer(815301076,1909f56bfc062723c751e8b465ee728b)  -> (artifact id: '4224bfe4a5a981918b49b004aa4b2f94') in 0.000514 seconds
Number of updated asset objects reloaded before import = 0
Number of asset objects unloaded after import = 0
========================================================================
Received Import Request.
  Time since last request: 2.297907 seconds.
  path: Assets/Scripts/UI/PlayerInventory/PlayerInventoryUIController.cs
  artifactKey: Guid(bd432aacc2c7540469debf019747284a) Importer(815301076,1909f56bfc062723c751e8b465ee728b)
Start importing Assets/Scripts/UI/PlayerInventory/PlayerInventoryUIController.cs using Guid(bd432aacc2c7540469debf019747284a) Importer(815301076,1909f56bfc062723c751e8b465ee728b)  -> (artifact id: 'f12821ab1a89345ebe18d7f3f18f2a02') in 0.000515 seconds
Number of updated asset objects reloaded before import = 0
Number of asset objects unloaded after import = 0
========================================================================
Received Import Request.
  Time since last request: 1.144068 seconds.
  path: Assets/Scripts/UI/PlayerInventory/PlayerInventoryItemUIIcon.cs
  artifactKey: Guid(520dc1ed930a876429e4d290134863e0) Importer(815301076,1909f56bfc062723c751e8b465ee728b)
Start importing Assets/Scripts/UI/PlayerInventory/PlayerInventoryItemUIIcon.cs using Guid(520dc1ed930a876429e4d290134863e0) Importer(815301076,1909f56bfc062723c751e8b465ee728b)  -> (artifact id: 'eebe35549d5568f6d22c164cf00a95f4') in 0.000441 seconds
Number of updated asset objects reloaded before import = 0
Number of asset objects unloaded after import = 0
========================================================================
Received Import Request.
  Time since last request: 1.576872 seconds.
  path: Assets/Scripts/GameLogic/PlayerInventoryController.cs
  artifactKey: Guid(9d01d2980e7fa7440a20e2bc9f95419d) Importer(815301076,1909f56bfc062723c751e8b465ee728b)
Start importing Assets/Scripts/GameLogic/PlayerInventoryController.cs using Guid(9d01d2980e7fa7440a20e2bc9f95419d) Importer(815301076,1909f56bfc062723c751e8b465ee728b)  -> (artifact id: 'c788bb7e1fa2e190f4592c2ecf4dd0f4') in 0.000488 seconds
Number of updated asset objects reloaded before import = 0
Number of asset objects unloaded after import = 0
========================================================================
Received Import Request.
  Time since last request: 0.971498 seconds.
  path: Assets/Scripts/UI/PlayerInventory/PlayerInventoryCompartmentUI.cs
  artifactKey: Guid(721ceb78d2754f34ba50c62ff21fc6b5) Importer(815301076,1909f56bfc062723c751e8b465ee728b)
Start importing Assets/Scripts/UI/PlayerInventory/PlayerInventoryCompartmentUI.cs using Guid(721ceb78d2754f34ba50c62ff21fc6b5) Importer(815301076,1909f56bfc062723c751e8b465ee728b)  -> (artifact id: '8281d7618d49e923b93494eb7b7f8cd9') in 0.000490 seconds
Number of updated asset objects reloaded before import = 0
Number of asset objects unloaded after import = 0
========================================================================
Received Import Request.
  Time since last request: 2.606963 seconds.
  path: Assets/Scripts/UI/InGame/ButtonShowHideInventory.cs
  artifactKey: Guid(c45e6718a3bd49641b7f1a2f60893b2d) Importer(815301076,1909f56bfc062723c751e8b465ee728b)
Start importing Assets/Scripts/UI/InGame/ButtonShowHideInventory.cs using Guid(c45e6718a3bd49641b7f1a2f60893b2d) Importer(815301076,1909f56bfc062723c751e8b465ee728b)  -> (artifact id: 'd738879984e8194b2ab54252d0c2a365') in 0.000483 seconds
Number of updated asset objects reloaded before import = 0
Number of asset objects unloaded after import = 0
========================================================================
Received Import Request.
  Time since last request: 2.606332 seconds.
  path: Assets/Scripts/UI/PlayerInventory
  artifactKey: Guid(65a2dcfce12d6ee42bee0bc7a2c4f0e9) Importer(815301076,1909f56bfc062723c751e8b465ee728b)
Start importing Assets/Scripts/UI/PlayerInventory using Guid(65a2dcfce12d6ee42bee0bc7a2c4f0e9) Importer(815301076,1909f56bfc062723c751e8b465ee728b)  -> (artifact id: '2ad4bd4cf76c6ccb1896b34422b039a1') in 0.000479 seconds
Number of updated asset objects reloaded before import = 0
Number of asset objects unloaded after import = 0
========================================================================
Received Import Request.
  Time since last request: 273.257939 seconds.
  path: Assets/Scripts/GameVisuals/Main/ObjectsDisplayer/ObstaclesDisplayController.cs
  artifactKey: Guid(2794d888d9904a64e9e37b71c1c523cf) Importer(815301076,1909f56bfc062723c751e8b465ee728b)
Start importing Assets/Scripts/GameVisuals/Main/ObjectsDisplayer/ObstaclesDisplayController.cs using Guid(2794d888d9904a64e9e37b71c1c523cf) Importer(815301076,1909f56bfc062723c751e8b465ee728b)  -> (artifact id: '1eda0d56347f22420e9007c542ff6f67') in 0.000574 seconds
Number of updated asset objects reloaded before import = 0
Number of asset objects unloaded after import = 0
========================================================================
Received Import Request.
  Time since last request: 0.656283 seconds.
  path: Assets/Scripts/GameLogic/ObstaclesController.cs
  artifactKey: Guid(518d67d7455bd7348b8d60b492d4e57d) Importer(815301076,1909f56bfc062723c751e8b465ee728b)
Start importing Assets/Scripts/GameLogic/ObstaclesController.cs using Guid(518d67d7455bd7348b8d60b492d4e57d) Importer(815301076,1909f56bfc062723c751e8b465ee728b)  -> (artifact id: 'dae1cf2203da116a6e090dc2eea8d04c') in 0.000442 seconds
Number of updated asset objects reloaded before import = 0
Number of asset objects unloaded after import = 0
========================================================================
Received Import Request.
  Time since last request: 2.033515 seconds.
  path: Assets/Scripts/GameLogic/GameplayObjects/Base/Obstacle.cs
  artifactKey: Guid(487e602f75e63be4d823b7c5ebdbc6f0) Importer(815301076,1909f56bfc062723c751e8b465ee728b)
Start importing Assets/Scripts/GameLogic/GameplayObjects/Base/Obstacle.cs using Guid(487e602f75e63be4d823b7c5ebdbc6f0) Importer(815301076,1909f56bfc062723c751e8b465ee728b)  -> (artifact id: 'f5d390714941d17fb33c022652158916') in 0.000486 seconds
Number of updated asset objects reloaded before import = 0
Number of asset objects unloaded after import = 0
========================================================================
Received Import Request.
  Time since last request: 302.439005 seconds.
  path: Assets/Scripts/GameLogic/Attributes/Enemies/AttributeHealth.cs
  artifactKey: Guid(33ced58dbddc41b4a872a3e6bb58ea20) Importer(815301076,1909f56bfc062723c751e8b465ee728b)
Start importing Assets/Scripts/GameLogic/Attributes/Enemies/AttributeHealth.cs using Guid(33ced58dbddc41b4a872a3e6bb58ea20) Importer(815301076,1909f56bfc062723c751e8b465ee728b)  -> (artifact id: '6e28e6c810c1d0f7e4debc78d47f03c6') in 0.000831 seconds
Number of updated asset objects reloaded before import = 0
Number of asset objects unloaded after import = 0
========================================================================
Received Import Request.
  Time since last request: 0.857003 seconds.
  path: Assets/Scripts/GameLogic/Attributes/Enemies/AttributeMovementSpeed.cs
  artifactKey: Guid(8f15ac7c14aafb148adf81c8ce44d5c4) Importer(815301076,1909f56bfc062723c751e8b465ee728b)
Start importing Assets/Scripts/GameLogic/Attributes/Enemies/AttributeMovementSpeed.cs using Guid(8f15ac7c14aafb148adf81c8ce44d5c4) Importer(815301076,1909f56bfc062723c751e8b465ee728b)  -> (artifact id: '6938b87d7ba31ec09d96c56e802432a8') in 0.000661 seconds
Number of updated asset objects reloaded before import = 0
Number of asset objects unloaded after import = 0
========================================================================
Received Import Request.
  Time since last request: 2.745379 seconds.
  path: Assets/Scripts/GameLogic/Attributes/Player/AttributePlayerSpellDamageModifier.cs
  artifactKey: Guid(9589973f83a72e44f9451d12601fbe12) Importer(815301076,1909f56bfc062723c751e8b465ee728b)
Start importing Assets/Scripts/GameLogic/Attributes/Player/AttributePlayerSpellDamageModifier.cs using Guid(9589973f83a72e44f9451d12601fbe12) Importer(815301076,1909f56bfc062723c751e8b465ee728b)  -> (artifact id: 'b32dc1b86112efc79727cd1f07e49a76') in 0.000647 seconds
Number of updated asset objects reloaded before import = 0
Number of asset objects unloaded after import = 0
========================================================================
Received Import Request.
  Time since last request: 2.011936 seconds.
  path: Assets/Scripts/GameLogic/Attributes/Player/AttributePlayerSpellEffectDurationModifier.cs
  artifactKey: Guid(cf47843c852f2f0439884c19a8266079) Importer(815301076,1909f56bfc062723c751e8b465ee728b)
Start importing Assets/Scripts/GameLogic/Attributes/Player/AttributePlayerSpellEffectDurationModifier.cs using Guid(cf47843c852f2f0439884c19a8266079) Importer(815301076,1909f56bfc062723c751e8b465ee728b)  -> (artifact id: '9be6ba136719ef9826b9b7ee237cb1c2') in 0.000534 seconds
Number of updated asset objects reloaded before import = 0
Number of asset objects unloaded after import = 0
========================================================================
Received Import Request.
  Time since last request: 1.207569 seconds.
  path: Assets/Scripts/GameLogic/Attributes/Player/AttributePlayerSpellRangeModifier.cs
  artifactKey: Guid(641dfeca687bd2e4293e7887caf1899d) Importer(815301076,1909f56bfc062723c751e8b465ee728b)
Start importing Assets/Scripts/GameLogic/Attributes/Player/AttributePlayerSpellRangeModifier.cs using Guid(641dfeca687bd2e4293e7887caf1899d) Importer(815301076,1909f56bfc062723c751e8b465ee728b)  -> (artifact id: 'b04ce806cf9a1479f56f7a4f1feeac22') in 0.000591 seconds
Number of updated asset objects reloaded before import = 0
Number of asset objects unloaded after import = 0
========================================================================
Received Import Request.
  Time since last request: 0.918682 seconds.
  path: Assets/Scripts/GameLogic/Attributes/BaseAttribute.cs
  artifactKey: Guid(aeca5d82268059145966a9caffe7b398) Importer(815301076,1909f56bfc062723c751e8b465ee728b)
Start importing Assets/Scripts/GameLogic/Attributes/BaseAttribute.cs using Guid(aeca5d82268059145966a9caffe7b398) Importer(815301076,1909f56bfc062723c751e8b465ee728b)  -> (artifact id: 'b48919f698e9ac01bda9cbed7dc1db3d') in 0.000564 seconds
Number of updated asset objects reloaded before import = 0
Number of asset objects unloaded after import = 0
